
*** Running vivado
    with args -log Adder_fnd.vds -m64 -product Vivado -mode batch -messageDb vivado.pb -notrace -source Adder_fnd.tcl


ECHO가 설정되어 있지 않습니다.
ECHO가 설정되어 있지 않습니다.

****** Vivado v2023.2.2 (64-bit)
  **** SW Build 4126759 on Thu Feb  8 23:53:51 MST 2024
  **** IP Build 4126054 on Fri Feb  9 11:39:09 MST 2024
  **** SharedData Build 4115275 on Tue Jan 30 00:40:57 MST 2024
    ** Copyright 1986-2022 Xilinx, Inc. All Rights Reserved.
    ** Copyright 2022-2024 Advanced Micro Devices, Inc. All Rights Reserved.

source Adder_fnd.tcl -notrace
create_project: Time (s): cpu = 00:00:06 ; elapsed = 00:00:16 . Memory (MB): peak = 487.906 ; gain = 180.516
Command: read_checkpoint -auto_incremental -incremental C:/1_Study/VerilogHDL/Vivado/0510_8bit_Adder/0510_8bit_Adder.srcs/utils_1/imports/synth_1/Adder8bit_FND.dcp
INFO: [Vivado 12-5825] Read reference checkpoint from C:/1_Study/VerilogHDL/Vivado/0510_8bit_Adder/0510_8bit_Adder.srcs/utils_1/imports/synth_1/Adder8bit_FND.dcp for incremental synthesis
INFO: [Vivado 12-7989] Please ensure there are no constraint changes
Command: synth_design -top Adder_fnd -part xc7a35tcpg236-1
Starting synth_design
Attempting to get a license for feature 'Synthesis' and/or device 'xc7a35t'
INFO: [Common 17-349] Got license for feature 'Synthesis' and/or device 'xc7a35t'
INFO: [Device 21-403] Loading part xc7a35tcpg236-1
INFO: [Designutils 20-5440] No compile time benefit to using incremental synthesis; A full resynthesis will be run
INFO: [Designutils 20-4379] Flow is switching to default flow due to incremental criteria not met. If you would like to alter this behaviour and have the flow terminate instead, please set the following parameter config_implementation {autoIncr.Synth.RejectBehavior Terminate}
INFO: [Synth 8-7079] Multithreading enabled for synth_design using a maximum of 2 processes.
INFO: [Synth 8-7078] Launching helper process for spawning children vivado processes
INFO: [Synth 8-7075] Helper process launched with PID 39580
---------------------------------------------------------------------------------
Starting RTL Elaboration : Time (s): cpu = 00:00:03 ; elapsed = 00:00:06 . Memory (MB): peak = 1323.793 ; gain = 440.266
---------------------------------------------------------------------------------
INFO: [Synth 8-11241] undeclared symbol 'fndSel', assumed default net type 'wire' [C:/1_Study/VerilogHDL/Vivado/0510_8bit_Adder/0510_8bit_Adder.srcs/sources_1/new/Adder8bit_FND.v:26]
INFO: [Synth 8-6157] synthesizing module 'Adder_fnd' [C:/1_Study/VerilogHDL/Vivado/0510_8bit_Adder/0510_8bit_Adder.srcs/sources_1/new/Adder8bit_FND.v:3]
INFO: [Synth 8-6157] synthesizing module 'Adder_8bit' [C:/1_Study/VerilogHDL/Vivado/0510_8bit_Adder/0510_8bit_Adder.srcs/sources_1/new/Adder_8bit.v:3]
INFO: [Synth 8-6157] synthesizing module 'Adder_4bit' [C:/1_Study/VerilogHDL/Vivado/0510_8bit_Adder/0510_8bit_Adder.srcs/sources_1/new/Adder_8bit.v:34]
INFO: [Synth 8-6157] synthesizing module 'fullAdder' [C:/1_Study/VerilogHDL/Vivado/0510_8bit_Adder/0510_8bit_Adder.srcs/sources_1/new/Adder_8bit.v:97]
INFO: [Synth 8-6157] synthesizing module 'halfAdder' [C:/1_Study/VerilogHDL/Vivado/0510_8bit_Adder/0510_8bit_Adder.srcs/sources_1/new/Adder_8bit.v:83]
INFO: [Synth 8-6155] done synthesizing module 'halfAdder' (0#1) [C:/1_Study/VerilogHDL/Vivado/0510_8bit_Adder/0510_8bit_Adder.srcs/sources_1/new/Adder_8bit.v:83]
INFO: [Synth 8-6155] done synthesizing module 'fullAdder' (0#1) [C:/1_Study/VerilogHDL/Vivado/0510_8bit_Adder/0510_8bit_Adder.srcs/sources_1/new/Adder_8bit.v:97]
INFO: [Synth 8-6155] done synthesizing module 'Adder_4bit' (0#1) [C:/1_Study/VerilogHDL/Vivado/0510_8bit_Adder/0510_8bit_Adder.srcs/sources_1/new/Adder_8bit.v:34]
INFO: [Synth 8-6155] done synthesizing module 'Adder_8bit' (0#1) [C:/1_Study/VerilogHDL/Vivado/0510_8bit_Adder/0510_8bit_Adder.srcs/sources_1/new/Adder_8bit.v:3]
INFO: [Synth 8-6157] synthesizing module 'fndContorller' [C:/1_Study/VerilogHDL/Vivado/0510_8bit_Adder/0510_8bit_Adder.srcs/sources_1/new/FNDContorller.v:4]
INFO: [Synth 8-6157] synthesizing module 'clkDiv' [C:/1_Study/VerilogHDL/Vivado/0510_8bit_Adder/0510_8bit_Adder.srcs/sources_1/new/FNDContorller.v:171]
	Parameter MAX_COUNT bound to: 1001000 - type: integer 
INFO: [Synth 8-6155] done synthesizing module 'clkDiv' (0#1) [C:/1_Study/VerilogHDL/Vivado/0510_8bit_Adder/0510_8bit_Adder.srcs/sources_1/new/FNDContorller.v:171]
INFO: [Synth 8-6157] synthesizing module 'counter' [C:/1_Study/VerilogHDL/Vivado/0510_8bit_Adder/0510_8bit_Adder.srcs/sources_1/new/FNDContorller.v:151]
	Parameter MAX_COUNT bound to: 4 - type: integer 
INFO: [Synth 8-6155] done synthesizing module 'counter' (0#1) [C:/1_Study/VerilogHDL/Vivado/0510_8bit_Adder/0510_8bit_Adder.srcs/sources_1/new/FNDContorller.v:151]
INFO: [Synth 8-6157] synthesizing module 'Adder_Decoder' [C:/1_Study/VerilogHDL/Vivado/0510_8bit_Adder/0510_8bit_Adder.srcs/sources_1/new/FNDContorller.v:133]
INFO: [Synth 8-226] default block is never used [C:/1_Study/VerilogHDL/Vivado/0510_8bit_Adder/0510_8bit_Adder.srcs/sources_1/new/FNDContorller.v:139]
INFO: [Synth 8-6155] done synthesizing module 'Adder_Decoder' (0#1) [C:/1_Study/VerilogHDL/Vivado/0510_8bit_Adder/0510_8bit_Adder.srcs/sources_1/new/FNDContorller.v:133]
INFO: [Synth 8-6157] synthesizing module 'digitSplitter' [C:/1_Study/VerilogHDL/Vivado/0510_8bit_Adder/0510_8bit_Adder.srcs/sources_1/new/FNDContorller.v:67]
INFO: [Synth 8-6155] done synthesizing module 'digitSplitter' (0#1) [C:/1_Study/VerilogHDL/Vivado/0510_8bit_Adder/0510_8bit_Adder.srcs/sources_1/new/FNDContorller.v:67]
INFO: [Synth 8-6157] synthesizing module 'mux' [C:/1_Study/VerilogHDL/Vivado/0510_8bit_Adder/0510_8bit_Adder.srcs/sources_1/new/FNDContorller.v:82]
INFO: [Synth 8-226] default block is never used [C:/1_Study/VerilogHDL/Vivado/0510_8bit_Adder/0510_8bit_Adder.srcs/sources_1/new/FNDContorller.v:93]
INFO: [Synth 8-6155] done synthesizing module 'mux' (0#1) [C:/1_Study/VerilogHDL/Vivado/0510_8bit_Adder/0510_8bit_Adder.srcs/sources_1/new/FNDContorller.v:82]
INFO: [Synth 8-6157] synthesizing module 'BDCtoSEG' [C:/1_Study/VerilogHDL/Vivado/0510_8bit_Adder/0510_8bit_Adder.srcs/sources_1/new/FNDContorller.v:104]
INFO: [Synth 8-226] default block is never used [C:/1_Study/VerilogHDL/Vivado/0510_8bit_Adder/0510_8bit_Adder.srcs/sources_1/new/FNDContorller.v:110]
INFO: [Synth 8-6155] done synthesizing module 'BDCtoSEG' (0#1) [C:/1_Study/VerilogHDL/Vivado/0510_8bit_Adder/0510_8bit_Adder.srcs/sources_1/new/FNDContorller.v:104]
INFO: [Synth 8-6155] done synthesizing module 'fndContorller' (0#1) [C:/1_Study/VerilogHDL/Vivado/0510_8bit_Adder/0510_8bit_Adder.srcs/sources_1/new/FNDContorller.v:4]
INFO: [Synth 8-6155] done synthesizing module 'Adder_fnd' (0#1) [C:/1_Study/VerilogHDL/Vivado/0510_8bit_Adder/0510_8bit_Adder.srcs/sources_1/new/Adder8bit_FND.v:3]
WARNING: [Synth 8-3848] Net fndSel in module/entity Adder_fnd does not have driver. [C:/1_Study/VerilogHDL/Vivado/0510_8bit_Adder/0510_8bit_Adder.srcs/sources_1/new/Adder8bit_FND.v:26]
WARNING: [Synth 8-7129] Port fndSel[1] in module fndContorller is either unconnected or has no load
WARNING: [Synth 8-7129] Port fndSel[0] in module fndContorller is either unconnected or has no load
---------------------------------------------------------------------------------
Finished RTL Elaboration : Time (s): cpu = 00:00:03 ; elapsed = 00:00:09 . Memory (MB): peak = 1431.277 ; gain = 547.750
---------------------------------------------------------------------------------
---------------------------------------------------------------------------------
Start Handling Custom Attributes
---------------------------------------------------------------------------------
---------------------------------------------------------------------------------
Finished Handling Custom Attributes : Time (s): cpu = 00:00:03 ; elapsed = 00:00:09 . Memory (MB): peak = 1431.277 ; gain = 547.750
---------------------------------------------------------------------------------
---------------------------------------------------------------------------------
Finished RTL Optimization Phase 1 : Time (s): cpu = 00:00:03 ; elapsed = 00:00:09 . Memory (MB): peak = 1431.277 ; gain = 547.750
---------------------------------------------------------------------------------
Netlist sorting complete. Time (s): cpu = 00:00:00 ; elapsed = 00:00:00.001 . Memory (MB): peak = 1431.277 ; gain = 0.000
INFO: [Project 1-570] Preparing netlist for logic optimization

Processing XDC Constraints
Initializing timing engine
Parsing XDC File [C:/1_Study/VerilogHDL/Vivado/0510_8bit_Adder/0510_8bit_Adder.srcs/constrs_1/imports/Vivado/MY_Basys-3-Master.xdc]
WARNING: [Vivado 12-584] No ports matched 'sum1'. [C:/1_Study/VerilogHDL/Vivado/0510_8bit_Adder/0510_8bit_Adder.srcs/constrs_1/imports/Vivado/MY_Basys-3-Master.xdc:34]
CRITICAL WARNING: [Common 17-55] 'set_property' expects at least one object. [C:/1_Study/VerilogHDL/Vivado/0510_8bit_Adder/0510_8bit_Adder.srcs/constrs_1/imports/Vivado/MY_Basys-3-Master.xdc:34]
Resolution: If [get_<value>] was used to populate the object, check to make sure this command returns at least one valid object.
WARNING: [Vivado 12-584] No ports matched 'sum2'. [C:/1_Study/VerilogHDL/Vivado/0510_8bit_Adder/0510_8bit_Adder.srcs/constrs_1/imports/Vivado/MY_Basys-3-Master.xdc:35]
CRITICAL WARNING: [Common 17-55] 'set_property' expects at least one object. [C:/1_Study/VerilogHDL/Vivado/0510_8bit_Adder/0510_8bit_Adder.srcs/constrs_1/imports/Vivado/MY_Basys-3-Master.xdc:35]
Resolution: If [get_<value>] was used to populate the object, check to make sure this command returns at least one valid object.
WARNING: [Vivado 12-584] No ports matched 'sum3'. [C:/1_Study/VerilogHDL/Vivado/0510_8bit_Adder/0510_8bit_Adder.srcs/constrs_1/imports/Vivado/MY_Basys-3-Master.xdc:36]
CRITICAL WARNING: [Common 17-55] 'set_property' expects at least one object. [C:/1_Study/VerilogHDL/Vivado/0510_8bit_Adder/0510_8bit_Adder.srcs/constrs_1/imports/Vivado/MY_Basys-3-Master.xdc:36]
Resolution: If [get_<value>] was used to populate the object, check to make sure this command returns at least one valid object.
WARNING: [Vivado 12-584] No ports matched 'sum4'. [C:/1_Study/VerilogHDL/Vivado/0510_8bit_Adder/0510_8bit_Adder.srcs/constrs_1/imports/Vivado/MY_Basys-3-Master.xdc:37]
CRITICAL WARNING: [Common 17-55] 'set_property' expects at least one object. [C:/1_Study/VerilogHDL/Vivado/0510_8bit_Adder/0510_8bit_Adder.srcs/constrs_1/imports/Vivado/MY_Basys-3-Master.xdc:37]
Resolution: If [get_<value>] was used to populate the object, check to make sure this command returns at least one valid object.
WARNING: [Vivado 12-584] No ports matched 'carry'. [C:/1_Study/VerilogHDL/Vivado/0510_8bit_Adder/0510_8bit_Adder.srcs/constrs_1/imports/Vivado/MY_Basys-3-Master.xdc:38]
CRITICAL WARNING: [Common 17-55] 'set_property' expects at least one object. [C:/1_Study/VerilogHDL/Vivado/0510_8bit_Adder/0510_8bit_Adder.srcs/constrs_1/imports/Vivado/MY_Basys-3-Master.xdc:38]
Resolution: If [get_<value>] was used to populate the object, check to make sure this command returns at least one valid object.
Finished Parsing XDC File [C:/1_Study/VerilogHDL/Vivado/0510_8bit_Adder/0510_8bit_Adder.srcs/constrs_1/imports/Vivado/MY_Basys-3-Master.xdc]
INFO: [Project 1-236] Implementation specific constraints were found while reading constraint file [C:/1_Study/VerilogHDL/Vivado/0510_8bit_Adder/0510_8bit_Adder.srcs/constrs_1/imports/Vivado/MY_Basys-3-Master.xdc]. These constraints will be ignored for synthesis but will be used in implementation. Impacted constraints are listed in the file [.Xil/Adder_fnd_propImpl.xdc].
Resolution: To avoid this warning, move constraints listed in [.Xil/Adder_fnd_propImpl.xdc] to another XDC file and exclude this new file from synthesis with the used_in_synthesis property (File Properties dialog in GUI) and re-run elaboration/synthesis.
Completed Processing XDC Constraints

Netlist sorting complete. Time (s): cpu = 00:00:00 ; elapsed = 00:00:00 . Memory (MB): peak = 1491.629 ; gain = 0.000
INFO: [Project 1-111] Unisim Transformation Summary:
No Unisim elements were transformed.

지정된 경로를 찾을 수 없습니다.
Constraint Validation Runtime : Time (s): cpu = 00:00:00 ; elapsed = 00:00:00.003 . Memory (MB): peak = 1491.629 ; gain = 0.000
INFO: [Designutils 20-5440] No compile time benefit to using incremental synthesis; A full resynthesis will be run
INFO: [Designutils 20-4379] Flow is switching to default flow due to incremental criteria not met. If you would like to alter this behaviour and have the flow terminate instead, please set the following parameter config_implementation {autoIncr.Synth.RejectBehavior Terminate}
---------------------------------------------------------------------------------
Finished Constraint Validation : Time (s): cpu = 00:00:04 ; elapsed = 00:00:18 . Memory (MB): peak = 1491.629 ; gain = 608.102
---------------------------------------------------------------------------------
---------------------------------------------------------------------------------
Start Loading Part and Timing Information
---------------------------------------------------------------------------------
Loading part: xc7a35tcpg236-1
---------------------------------------------------------------------------------
Finished Loading Part and Timing Information : Time (s): cpu = 00:00:04 ; elapsed = 00:00:18 . Memory (MB): peak = 1491.629 ; gain = 608.102
---------------------------------------------------------------------------------
---------------------------------------------------------------------------------
Start Applying 'set_property' XDC Constraints
---------------------------------------------------------------------------------
---------------------------------------------------------------------------------
Finished applying 'set_property' XDC Constraints : Time (s): cpu = 00:00:04 ; elapsed = 00:00:18 . Memory (MB): peak = 1491.629 ; gain = 608.102
---------------------------------------------------------------------------------
---------------------------------------------------------------------------------
Finished RTL Optimization Phase 2 : Time (s): cpu = 00:00:04 ; elapsed = 00:00:19 . Memory (MB): peak = 1491.629 ; gain = 608.102
---------------------------------------------------------------------------------
---------------------------------------------------------------------------------
Start RTL Component Statistics 
---------------------------------------------------------------------------------
Detailed RTL Component Info : 
+---Adders : 
	   2 Input   20 Bit       Adders := 1     
	   2 Input    2 Bit       Adders := 1     
+---XORs : 
	   2 Input      1 Bit         XORs := 16    
+---Registers : 
	               20 Bit    Registers := 1     
	                2 Bit    Registers := 1     
	                1 Bit    Registers := 1     
+---Muxes : 
	   4 Input    4 Bit        Muxes := 2     
---------------------------------------------------------------------------------
Finished RTL Component Statistics 
---------------------------------------------------------------------------------
---------------------------------------------------------------------------------
Start Part Resource Summary
---------------------------------------------------------------------------------
Part Resources:
DSPs: 90 (col length:60)
BRAMs: 100 (col length: RAMB18 60 RAMB36 30)
---------------------------------------------------------------------------------
Finished Part Resource Summary
---------------------------------------------------------------------------------
---------------------------------------------------------------------------------
Start Cross Boundary and Area Optimization
---------------------------------------------------------------------------------
WARNING: [Synth 8-7080] Parallel synthesis criteria is not met
---------------------------------------------------------------------------------
Finished Cross Boundary and Area Optimization : Time (s): cpu = 00:00:05 ; elapsed = 00:00:23 . Memory (MB): peak = 1491.629 ; gain = 608.102
---------------------------------------------------------------------------------
---------------------------------------------------------------------------------
Start Applying XDC Timing Constraints
---------------------------------------------------------------------------------
---------------------------------------------------------------------------------
Finished Applying XDC Timing Constraints : Time (s): cpu = 00:00:06 ; elapsed = 00:00:29 . Memory (MB): peak = 1491.629 ; gain = 608.102
---------------------------------------------------------------------------------
---------------------------------------------------------------------------------
Start Timing Optimization
---------------------------------------------------------------------------------
---------------------------------------------------------------------------------
Finished Timing Optimization : Time (s): cpu = 00:00:06 ; elapsed = 00:00:29 . Memory (MB): peak = 1491.629 ; gain = 608.102
---------------------------------------------------------------------------------
---------------------------------------------------------------------------------
Start Technology Mapping
---------------------------------------------------------------------------------
---------------------------------------------------------------------------------
Finished Technology Mapping : Time (s): cpu = 00:00:06 ; elapsed = 00:00:29 . Memory (MB): peak = 1491.629 ; gain = 608.102
---------------------------------------------------------------------------------
---------------------------------------------------------------------------------
Start IO Insertion
---------------------------------------------------------------------------------
---------------------------------------------------------------------------------
Start Flattening Before IO Insertion
---------------------------------------------------------------------------------
---------------------------------------------------------------------------------
Finished Flattening Before IO Insertion
---------------------------------------------------------------------------------
---------------------------------------------------------------------------------
Start Final Netlist Cleanup
---------------------------------------------------------------------------------
---------------------------------------------------------------------------------
Finished Final Netlist Cleanup
---------------------------------------------------------------------------------
---------------------------------------------------------------------------------
Finished IO Insertion : Time (s): cpu = 00:00:06 ; elapsed = 00:00:35 . Memory (MB): peak = 1491.629 ; gain = 608.102
---------------------------------------------------------------------------------
---------------------------------------------------------------------------------
Start Renaming Generated Instances
---------------------------------------------------------------------------------
---------------------------------------------------------------------------------
Finished Renaming Generated Instances : Time (s): cpu = 00:00:06 ; elapsed = 00:00:35 . Memory (MB): peak = 1491.629 ; gain = 608.102
---------------------------------------------------------------------------------
---------------------------------------------------------------------------------
Start Rebuilding User Hierarchy
---------------------------------------------------------------------------------
---------------------------------------------------------------------------------
Finished Rebuilding User Hierarchy : Time (s): cpu = 00:00:06 ; elapsed = 00:00:35 . Memory (MB): peak = 1491.629 ; gain = 608.102
---------------------------------------------------------------------------------
---------------------------------------------------------------------------------
Start Renaming Generated Ports
---------------------------------------------------------------------------------
---------------------------------------------------------------------------------
Finished Renaming Generated Ports : Time (s): cpu = 00:00:06 ; elapsed = 00:00:35 . Memory (MB): peak = 1491.629 ; gain = 608.102
---------------------------------------------------------------------------------
---------------------------------------------------------------------------------
Start Handling Custom Attributes
---------------------------------------------------------------------------------
---------------------------------------------------------------------------------
Finished Handling Custom Attributes : Time (s): cpu = 00:00:06 ; elapsed = 00:00:35 . Memory (MB): peak = 1491.629 ; gain = 608.102
---------------------------------------------------------------------------------
---------------------------------------------------------------------------------
Start Renaming Generated Nets
---------------------------------------------------------------------------------
---------------------------------------------------------------------------------
Finished Renaming Generated Nets : Time (s): cpu = 00:00:06 ; elapsed = 00:00:35 . Memory (MB): peak = 1491.629 ; gain = 608.102
---------------------------------------------------------------------------------
---------------------------------------------------------------------------------
Start Writing Synthesis Report
---------------------------------------------------------------------------------

Report BlackBoxes: 
+-+--------------+----------+
| |BlackBox name |Instances |
+-+--------------+----------+
+-+--------------+----------+

Report Cell Usage: 
+------+-------+------+
|      |Cell   |Count |
+------+-------+------+
|1     |BUFG   |     1|
|2     |CARRY4 |    10|
|3     |LUT1   |     2|
|4     |LUT2   |    20|
|5     |LUT3   |     7|
|6     |LUT4   |    18|
|7     |LUT5   |    14|
|8     |LUT6   |    18|
|9     |FDRE   |    23|
|10    |IBUF   |    17|
|11    |OBUF   |    12|
+------+-------+------+
---------------------------------------------------------------------------------
Finished Writing Synthesis Report : Time (s): cpu = 00:00:06 ; elapsed = 00:00:35 . Memory (MB): peak = 1491.629 ; gain = 608.102
---------------------------------------------------------------------------------
Synthesis finished with 0 errors, 0 critical warnings and 1 warnings.
Synthesis Optimization Runtime : Time (s): cpu = 00:00:03 ; elapsed = 00:00:34 . Memory (MB): peak = 1491.629 ; gain = 547.750
Synthesis Optimization Complete : Time (s): cpu = 00:00:06 ; elapsed = 00:00:36 . Memory (MB): peak = 1491.629 ; gain = 608.102
INFO: [Project 1-571] Translating synthesized netlist
Netlist sorting complete. Time (s): cpu = 00:00:00 ; elapsed = 00:00:00.001 . Memory (MB): peak = 1491.629 ; gain = 0.000
INFO: [Netlist 29-17] Analyzing 10 Unisim elements for replacement
INFO: [Netlist 29-28] Unisim Transformation completed in 0 CPU seconds
INFO: [Project 1-570] Preparing netlist for logic optimization
INFO: [Opt 31-138] Pushed 0 inverter(s) to 0 load pin(s).
Netlist sorting complete. Time (s): cpu = 00:00:00 ; elapsed = 00:00:00.001 . Memory (MB): peak = 1491.629 ; gain = 0.000
INFO: [Project 1-111] Unisim Transformation Summary:
No Unisim elements were transformed.

지정된 경로를 찾을 수 없습니다.
Synth Design complete | Checksum: 8996c3c2
INFO: [Common 17-83] Releasing license: Synthesis
49 Infos, 9 Warnings, 5 Critical Warnings and 0 Errors encountered.
synth_design completed successfully
synth_design: Time (s): cpu = 00:00:08 ; elapsed = 00:00:43 . Memory (MB): peak = 1491.629 ; gain = 1000.754
INFO: [runtcl-6] Synthesis results are not added to the cache due to CRITICAL_WARNING
Write ShapeDB Complete: Time (s): cpu = 00:00:00 ; elapsed = 00:00:00.003 . Memory (MB): peak = 1491.629 ; gain = 0.000
INFO: [Common 17-1381] The checkpoint 'C:/1_Study/VerilogHDL/Vivado/0510_8bit_Adder/0510_8bit_Adder.runs/synth_1/Adder_fnd.dcp' has been generated.
INFO: [runtcl-4] Executing : report_utilization -file Adder_fnd_utilization_synth.rpt -pb Adder_fnd_utilization_synth.pb
INFO: [Common 17-206] Exiting Vivado at Fri May 10 14:44:00 2024...
